#
# A fatal error has been detected by the Java Runtime Environment:
#
#  EXCEPTION_ACCESS_VIOLATION (0xc0000005) at pc=0x000000005c02b7b0, pid=7600, tid=0x000000000000310c
#
# JRE version: OpenJDK Runtime Environment (8.0_242-b01) (build 1.8.0_242-release-1644-b01)
# Java VM: OpenJDK 64-Bit Server VM (25.242-b01 mixed mode windows-amd64 compressed oops)
# Problematic frame:
# V  [jvm.dll+0x8b7b0]
#
# Failed to write core dump. Minidumps are not enabled by default on client versions of Windows
#
# If you would like to submit a bug report, please visit:
#   
#

---------------  T H R E A D  ---------------

Current thread (0x00000000027a9000):  GCTaskThread [stack: 0x0000000012410000,0x0000000012510000] [id=12556]

siginfo: ExceptionCode=0xc0000005, reading address 0x0000000715810120

Registers:
RAX=0x0000000000000000, RBX=0x00000000fb18e29a, RCX=0x00000000fb18e29a, RDX=0x0000000715810118
RSP=0x000000001250f8a8, RBP=0x0000000011c8e481, RSI=0x00000000174741c0, RDI=0x0000000087c82808
R8 =0x00000000174741c0, R9 =0x0000000000000017, R10=0x0000000000000008, R11=0x00000000f38ee260
R12=0x0000000011c8e40e, R13=0x4cf3000000000000, R14=0x0000000000000000, R15=0x00000000027a2a10
RIP=0x000000005c02b7b0, EFLAGS=0x0000000000010206

Top of Stack: (sp=0x000000001250f8a8)
0x000000001250f8a8:   000000005c3727b2 00000000fb18e278
0x000000001250f8b8:   0000000000000004 00000000174741c0
0x000000001250f8c8:   00000000f3d8e720 00000000f38e6270
0x000000001250f8d8:   000000005c372efb 00000000174741c0
0x000000001250f8e8:   000000005c08e3a3 0000000000000000
0x000000001250f8f8:   0000000017474100 0000000011c8e40e
0x000000001250f908:   000000005c372b20 00000000f38ed9e0
0x000000001250f918:   0000000011c8e481 00000000174741c0
0x000000001250f928:   0000000087c82808 00000000f38ed9e0
0x000000001250f938:   000000005c3736c5 00000000fb1ca140
0x000000001250f948:   0000000011c8e481 00000000174741c0
0x000000001250f958:   0000000000000003 00000000174741c0
0x000000001250f968:   000000005c06785a 0000000087b8b59c
0x000000001250f978:   000000005c08fcc7 0000000087b8b5ad
0x000000001250f988:   0000000087b8b5ad 0000000087b4ee3d
0x000000001250f998:   0000000087b4ee3d 0000000087c82610 

Instructions: (pc=0x000000005c02b7b0)
0x000000005c02b790:   1c 8f 1d 00 48 8b 9c 24 c0 00 00 00 48 81 c4 b0
0x000000005c02b7a0:   00 00 00 5d c3 cc cc cc cc cc cc cc cc cc cc cc
0x000000005c02b7b0:   44 8b 42 08 4c 8b ca 45 85 c0 7e 0e 41 f6 c0 01
0x000000005c02b7c0:   75 57 41 c1 f8 03 41 8b c0 c3 79 4d 80 3d 7e 97 


Register to memory mapping:

RAX=0x0000000000000000 is an unknown value
RBX=0x00000000fb18e29a is an unknown value
RCX=0x00000000fb18e29a is an unknown value
RDX=0x0000000715810118 is an unknown value
RSP=0x000000001250f8a8 is an unknown value
RBP=0x0000000011c8e481 is an unknown value
RSI=0x00000000174741c0 is an unknown value
RDI=0x0000000087c82808 is an oop
com.sun.tools.javac.file.ZipFileIndex$Entry 
 - klass: 'com/sun/tools/javac/file/ZipFileIndex$Entry'
R8 =0x00000000174741c0 is an unknown value
R9 =0x0000000000000017 is an unknown value
R10=0x0000000000000008 is an unknown value
R11=0x00000000f38ee260 is an oop

[error occurred during error reporting (printing register info), id 0xc0000005]

Stack: [0x0000000012410000,0x0000000012510000],  sp=0x000000001250f8a8,  free space=1022k
Native frames: (J=compiled Java code, j=interpreted, Vv=VM code, C=native code)
V  [jvm.dll+0x8b7b0]


---------------  P R O C E S S  ---------------

Java Threads: ( => current thread )
  0x000000001d9db800 JavaThread "Cache worker for cache directory md-rule (C:\Users\Lingga\.gradle\wrapper\dists\gradle-3.3\caches\6.1.1\md-rule)" [_thread_blocked, id=13868, stack(0x0000000021df0000,0x0000000021ef0000)]
  0x000000001d9dc800 JavaThread "Cache worker for cache directory md-supplier (C:\Users\Lingga\.gradle\wrapper\dists\gradle-3.3\caches\6.1.1\md-supplier)" [_thread_blocked, id=9304, stack(0x0000000021cf0000,0x0000000021df0000)]
  0x000000001d9de800 JavaThread "Cache worker for file hash cache (E:\Dev\Android\TheMovieDb2\.gradle\6.1.1\fileHashes)" [_thread_blocked, id=4940, stack(0x0000000021bf0000,0x0000000021cf0000)]
  0x000000001d9df800 JavaThread "Cache worker for checksums cache (E:\Dev\Android\TheMovieDb2\.gradle\checksums)" [_thread_blocked, id=9964, stack(0x0000000021af0000,0x0000000021bf0000)]
  0x000000001d9e0000 JavaThread "Thread-315" [_thread_blocked, id=10624, stack(0x000000001f720000,0x000000001f820000)]
  0x000000002241f800 JavaThread "Stdin handler" [_thread_blocked, id=9072, stack(0x000000001f620000,0x000000001f720000)]
  0x0000000022426800 JavaThread "Asynchronous log dispatcher for DefaultDaemonConnection: socket connection from /127.0.0.1:61309 to /127.0.0.1:63010" [_thread_blocked, id=9280, stack(0x000000001bdb0000,0x000000001beb0000)]
  0x0000000022422000 JavaThread "Daemon worker Thread 10" [_thread_blocked, id=7200, stack(0x000000001b6b0000,0x000000001b7b0000)]
  0x0000000022418000 JavaThread "Cancel handler" [_thread_blocked, id=7580, stack(0x000000001b5b0000,0x000000001b6b0000)]
  0x0000000022417800 JavaThread "Handler for socket connection from /127.0.0.1:61309 to /127.0.0.1:63010" [_thread_in_native, id=5352, stack(0x0000000000e30000,0x0000000000f30000)]
  0x0000000022419800 JavaThread "Daemon Thread 10" [_thread_blocked, id=14320, stack(0x0000000000b30000,0x0000000000c30000)]
  0x000000001e037000 JavaThread "Cache worker for Java compile cache (C:\Users\Lingga\.gradle\wrapper\dists\gradle-3.3\caches\6.1.1\javaCompile)" [_thread_blocked, id=1576, stack(0x000000002a290000,0x000000002a390000)]
  0x000000002241a800 JavaThread "RMI Reaper" [_thread_blocked, id=9092, stack(0x00000000292c0000,0x00000000293c0000)]
  0x000000001e031000 JavaThread "RMI TCP Accept-0" daemon [_thread_in_native, id=4304, stack(0x00000000291c0000,0x00000000292c0000)]
  0x000000001e038000 JavaThread "GC Daemon" daemon [_thread_blocked, id=3608, stack(0x00000000290c0000,0x00000000291c0000)]
  0x000000001e032800 JavaThread "RMI Scheduler(0)" daemon [_thread_blocked, id=2268, stack(0x00000000288b0000,0x00000000289b0000)]
  0x000000001e02b000 JavaThread "Cache worker for file content cache (C:\Users\Lingga\.gradle\wrapper\dists\gradle-3.3\caches\6.1.1\fileContent)" [_thread_blocked, id=2164, stack(0x0000000027bb0000,0x0000000027cb0000)]
  0x000000001a0f7000 JavaThread "Memory manager" [_thread_blocked, id=2744, stack(0x00000000244c0000,0x00000000245c0000)]
  0x000000001a0e7800 JavaThread "Cache worker for execution history cache (C:\Users\Lingga\.gradle\wrapper\dists\gradle-3.3\caches\6.1.1\executionHistory)" [_thread_blocked, id=6928, stack(0x0000000020df0000,0x0000000020ef0000)]
  0x000000001a0e4000 JavaThread "Cache worker for file hash cache (C:\Users\Lingga\.gradle\wrapper\dists\gradle-3.3\caches\6.1.1\fileHashes)" [_thread_blocked, id=448, stack(0x000000001e250000,0x000000001e350000)]
  0x000000001a0e7000 JavaThread "File lock request listener" [_thread_in_native, id=3536, stack(0x000000001d180000,0x000000001d280000)]
  0x0000000019dfb800 JavaThread "Cache worker for journal cache (C:\Users\Lingga\.gradle\wrapper\dists\gradle-3.3\caches\journal-1)" [_thread_blocked, id=7296, stack(0x000000001d080000,0x000000001d180000)]
  0x0000000019c1c000 JavaThread "Daemon periodic checks" [_thread_blocked, id=8088, stack(0x000000001b4b0000,0x000000001b5b0000)]
  0x000000001aa8d800 JavaThread "Incoming local TCP Connector on port 61309" [_thread_in_native, id=13060, stack(0x0000000019510000,0x0000000019610000)]
  0x000000001a9dc800 JavaThread "Daemon health stats" [_thread_blocked, id=13152, stack(0x0000000019410000,0x0000000019510000)]
  0x0000000018e36000 JavaThread "Service Thread" daemon [_thread_blocked, id=2052, stack(0x0000000019210000,0x0000000019310000)]
  0x00000000174c0800 JavaThread "C1 CompilerThread2" daemon [_thread_blocked, id=7456, stack(0x0000000018d10000,0x0000000018e10000)]
  0x00000000174bb800 JavaThread "C2 CompilerThread1" daemon [_thread_blocked, id=12932, stack(0x0000000018c10000,0x0000000018d10000)]
  0x00000000174b7800 JavaThread "C2 CompilerThread0" daemon [_thread_blocked, id=12832, stack(0x0000000018b10000,0x0000000018c10000)]
  0x00000000174b3000 JavaThread "Attach Listener" daemon [_thread_blocked, id=10792, stack(0x0000000018a10000,0x0000000018b10000)]
  0x00000000174b2000 JavaThread "Signal Dispatcher" daemon [_thread_blocked, id=11884, stack(0x0000000018910000,0x0000000018a10000)]
  0x000000000288b800 JavaThread "Finalizer" daemon [_thread_blocked, id=6028, stack(0x0000000018710000,0x0000000018810000)]
  0x0000000017499000 JavaThread "Reference Handler" daemon [_thread_blocked, id=8404, stack(0x0000000018610000,0x0000000018710000)]
  0x000000000278e800 JavaThread "main" [_thread_blocked, id=11428, stack(0x00000000025a0000,0x00000000026a0000)]

Other Threads:
  0x0000000017476800 VMThread [stack: 0x0000000018510000,0x0000000018610000] [id=3592]
  0x0000000018e3f000 WatcherThread [stack: 0x0000000019310000,0x0000000019410000] [id=13172]

=>0x00000000027a9000 (exited) GCTaskThread [stack: 0x0000000012410000,0x0000000012510000] [id=12556]

VM state:at safepoint (normal execution)

VM Mutex/Monitor currently owned by a thread:  ([mutex/lock_event])
[0x000000000278d040] Threads_lock - owner thread: 0x0000000017476800
[0x000000000278cdc0] Heap_lock - owner thread: 0x0000000022422000

heap address: 0x0000000080000000, size: 2048 MB, Compressed Oops mode: 32-bit
Narrow klass base: 0x0000000000000000, Narrow klass shift: 3
Compressed class space size: 1073741824 Address: 0x0000000100000000

Heap:
 PSYoungGen      total 574976K, used 513819K [0x00000000d5580000, 0x00000000ff480000, 0x0000000100000000)
  eden space 478208K, 100% used [0x00000000d5580000,0x00000000f2880000,0x00000000f2880000)
  from space 96768K, 36% used [0x00000000f9600000,0x00000000fb8c6da0,0x00000000ff480000)
  to   space 104448K, 27% used [0x00000000f2880000,0x00000000f44f6710,0x00000000f8e80000)
 ParOldGen       total 361984K, used 167988K [0x0000000080000000, 0x0000000096180000, 0x00000000d5580000)
  object space 361984K, 46% used [0x0000000080000000,0x000000008a40d050,0x0000000096180000)
 Metaspace       used 195234K, capacity 206344K, committed 207400K, reserved 1228800K
  class space    used 25078K, capacity 27048K, committed 27560K, reserved 1048576K

Card table byte_map: [0x0000000011c50000,0x0000000012060000] byte_map_base: 0x0000000011850000

Marking Bits: (ParMarkBitMap*) 0x000000005c76f030
 Begin Bits: [0x0000000012710000, 0x0000000014710000)
 End Bits:   [0x0000000014710000, 0x0000000016710000)

Polling page: 0x00000000005f0000

CodeCache: size=245760Kb used=89148Kb max_used=92647Kb free=156611Kb
 bounds [0x0000000002890000, 0x00000000083a0000, 0x0000000011890000]
 total_blobs=27656 nmethods=26648 adapters=919
 compilation: enabled

Compilation events (10 events):
Event: 4555.691 Thread 0x00000000174bb800 35244       4       org.gradle.internal.serialize.InputStreamBackedDecoder::readLong (8 bytes)
Event: 4555.696 Thread 0x00000000174bb800 nmethod 35244 0x0000000002f75e50 code [0x0000000002f75fa0, 0x0000000002f76138]
Event: 4565.107 Thread 0x00000000174c0800 35245   !   3       sun.reflect.GeneratedMethodAccessor168::invoke (64 bytes)
Event: 4565.108 Thread 0x00000000174c0800 nmethod 35245 0x00000000060c0f90 code [0x00000000060c1180, 0x00000000060c1898]
Event: 4565.112 Thread 0x00000000174c0800 35246       3       com.google.common.cache.CacheBuilder::getMaximumWeight (39 bytes)
Event: 4565.112 Thread 0x00000000174c0800 nmethod 35246 0x0000000003109910 code [0x0000000003109a80, 0x0000000003109cd0]
Event: 4565.119 Thread 0x00000000174c0800 35247       3       com.google.common.cache.LocalCache$EntryFactory::getFactory (39 bytes)
Event: 4565.120 Thread 0x00000000174c0800 nmethod 35247 0x0000000003ce7810 code [0x0000000003ce7980, 0x0000000003ce7bf0]
Event: 4565.130 Thread 0x00000000174c0800 35248       3       org.gradle.internal.logging.source.PrintStreamLoggingSystem::snapshot (16 bytes)
Event: 4565.131 Thread 0x00000000174c0800 nmethod 35248 0x0000000004aa0ed0 code [0x0000000004aa1040, 0x0000000004aa12d0]

GC Heap History (10 events):
Event: 3507.603 GC heap after
Heap after GC invocations=38 (full 6):
 PSYoungGen      total 553472K, used 0K [0x00000000d5580000, 0x0000000100000000, 0x0000000100000000)
  eden space 456192K, 0% used [0x00000000d5580000,0x00000000d5580000,0x00000000f1300000)
  from space 97280K, 0% used [0x00000000fa100000,0x00000000fa100000,0x0000000100000000)
  to   space 121344K, 0% used [0x00000000f1300000,0x00000000f1300000,0x00000000f8980000)
 ParOldGen       total 361984K, used 167948K [0x0000000080000000, 0x0000000096180000, 0x00000000d5580000)
  object space 361984K, 46% used [0x0000000080000000,0x000000008a403050,0x0000000096180000)
 Metaspace       used 192203K, capacity 201432K, committed 207400K, reserved 1228800K
  class space    used 24754K, capacity 26444K, committed 27560K, reserved 1048576K
}
Event: 3539.957 GC heap before
{Heap before GC invocations=39 (full 6):
 PSYoungGen      total 553472K, used 456192K [0x00000000d5580000, 0x0000000100000000, 0x0000000100000000)
  eden space 456192K, 100% used [0x00000000d5580000,0x00000000f1300000,0x00000000f1300000)
  from space 97280K, 0% used [0x00000000fa100000,0x00000000fa100000,0x0000000100000000)
  to   space 121344K, 0% used [0x00000000f1300000,0x00000000f1300000,0x00000000f8980000)
 ParOldGen       total 361984K, used 167948K [0x0000000080000000, 0x0000000096180000, 0x00000000d5580000)
  object space 361984K, 46% used [0x0000000080000000,0x000000008a403050,0x0000000096180000)
 Metaspace       used 193326K, capacity 202810K, committed 207400K, reserved 1228800K
  class space    used 24810K, capacity 26561K, committed 27560K, reserved 1048576K
Event: 3540.040 GC heap after
Heap after GC invocations=39 (full 6):
 PSYoungGen      total 577536K, used 29180K [0x00000000d5580000, 0x0000000100000000, 0x0000000100000000)
  eden space 456192K, 0% used [0x00000000d5580000,0x00000000d5580000,0x00000000f1300000)
  from space 121344K, 24% used [0x00000000f1300000,0x00000000f2f7f1c0,0x00000000f8980000)
  to   space 118784K, 0% used [0x00000000f8c00000,0x00000000f8c00000,0x0000000100000000)
 ParOldGen       total 361984K, used 167956K [0x0000000080000000, 0x0000000096180000, 0x00000000d5580000)
  object space 361984K, 46% used [0x0000000080000000,0x000000008a405050,0x0000000096180000)
 Metaspace       used 193326K, capacity 202810K, committed 207400K, reserved 1228800K
  class space    used 24810K, capacity 26561K, committed 27560K, reserved 1048576K
}
Event: 3831.235 GC heap before
{Heap before GC invocations=40 (full 6):
 PSYoungGen      total 577536K, used 485372K [0x00000000d5580000, 0x0000000100000000, 0x0000000100000000)
  eden space 456192K, 100% used [0x00000000d5580000,0x00000000f1300000,0x00000000f1300000)
  from space 121344K, 24% used [0x00000000f1300000,0x00000000f2f7f1c0,0x00000000f8980000)
  to   space 118784K, 0% used [0x00000000f8c00000,0x00000000f8c00000,0x0000000100000000)
 ParOldGen       total 361984K, used 167956K [0x0000000080000000, 0x0000000096180000, 0x00000000d5580000)
  object space 361984K, 46% used [0x0000000080000000,0x000000008a405050,0x0000000096180000)
 Metaspace       used 194243K, capacity 204544K, committed 207400K, reserved 1228800K
  class space    used 24959K, capacity 26836K, committed 27560K, reserved 1048576K
Event: 3831.313 GC heap after
Heap after GC invocations=40 (full 6):
 PSYoungGen      total 562688K, used 46787K [0x00000000d5580000, 0x00000000ff180000, 0x0000000100000000)
  eden space 458752K, 0% used [0x00000000d5580000,0x00000000d5580000,0x00000000f1580000)
  from space 103936K, 45% used [0x00000000f8c00000,0x00000000fb9b0d90,0x00000000ff180000)
  to   space 112640K, 0% used [0x00000000f1580000,0x00000000f1580000,0x00000000f8380000)
 ParOldGen       total 361984K, used 167964K [0x0000000080000000, 0x0000000096180000, 0x00000000d5580000)
  object space 361984K, 46% used [0x0000000080000000,0x000000008a407050,0x0000000096180000)
 Metaspace       used 194243K, capacity 204544K, committed 207400K, reserved 1228800K
  class space    used 24959K, capacity 26836K, committed 27560K, reserved 1048576K
}
Event: 4052.228 GC heap before
{Heap before GC invocations=41 (full 6):
 PSYoungGen      total 562688K, used 505539K [0x00000000d5580000, 0x00000000ff180000, 0x0000000100000000)
  eden space 458752K, 100% used [0x00000000d5580000,0x00000000f1580000,0x00000000f1580000)
  from space 103936K, 45% used [0x00000000f8c00000,0x00000000fb9b0d90,0x00000000ff180000)
  to   space 112640K, 0% used [0x00000000f1580000,0x00000000f1580000,0x00000000f8380000)
 ParOldGen       total 361984K, used 167964K [0x0000000080000000, 0x0000000096180000, 0x00000000d5580000)
  object space 361984K, 46% used [0x0000000080000000,0x000000008a407050,0x0000000096180000)
 Metaspace       used 194511K, capacity 204990K, committed 207400K, reserved 1228800K
  class space    used 24989K, capacity 26889K, committed 27560K, reserved 1048576K
Event: 4052.326 GC heap after
Heap after GC invocations=41 (full 6):
 PSYoungGen      total 571392K, used 41360K [0x00000000d5580000, 0x00000000fff80000, 0x0000000100000000)
  eden space 458752K, 0% used [0x00000000d5580000,0x00000000d5580000,0x00000000f1580000)
  from space 112640K, 36% used [0x00000000f1580000,0x00000000f3de4000,0x00000000f8380000)
  to   space 108032K, 0% used [0x00000000f9600000,0x00000000f9600000,0x00000000fff80000)
 ParOldGen       total 361984K, used 167972K [0x0000000080000000, 0x0000000096180000, 0x00000000d5580000)
  object space 361984K, 46% used [0x0000000080000000,0x000000008a409050,0x0000000096180000)
 Metaspace       used 194511K, capacity 204990K, committed 207400K, reserved 1228800K
  class space    used 24989K, capacity 26889K, committed 27560K, reserved 1048576K
}
Event: 4224.497 GC heap before
{Heap before GC invocations=42 (full 6):
 PSYoungGen      total 571392K, used 500112K [0x00000000d5580000, 0x00000000fff80000, 0x0000000100000000)
  eden space 458752K, 100% used [0x00000000d5580000,0x00000000f1580000,0x00000000f1580000)
  from space 112640K, 36% used [0x00000000f1580000,0x00000000f3de4000,0x00000000f8380000)
  to   space 108032K, 0% used [0x00000000f9600000,0x00000000f9600000,0x00000000fff80000)
 ParOldGen       total 361984K, used 167972K [0x0000000080000000, 0x0000000096180000, 0x00000000d5580000)
  object space 361984K, 46% used [0x0000000080000000,0x000000008a409050,0x0000000096180000)
 Metaspace       used 194961K, capacity 205792K, committed 207400K, reserved 1228800K
  class space    used 25038K, capacity 26978K, committed 27560K, reserved 1048576K
Event: 4224.558 GC heap after
Heap after GC invocations=42 (full 6):
 PSYoungGen      total 574976K, used 35611K [0x00000000d5580000, 0x00000000ff480000, 0x0000000100000000)
  eden space 478208K, 0% used [0x00000000d5580000,0x00000000d5580000,0x00000000f2880000)
  from space 96768K, 36% used [0x00000000f9600000,0x00000000fb8c6da0,0x00000000ff480000)
  to   space 104448K, 0% used [0x00000000f2880000,0x00000000f2880000,0x00000000f8e80000)
 ParOldGen       total 361984K, used 167980K [0x0000000080000000, 0x0000000096180000, 0x00000000d5580000)
  object space 361984K, 46% used [0x0000000080000000,0x000000008a40b050,0x0000000096180000)
 Metaspace       used 194961K, capacity 205792K, committed 207400K, reserved 1228800K
  class space    used 25038K, capacity 26978K, committed 27560K, reserved 1048576K
}
Event: 4565.132 GC heap before
{Heap before GC invocations=43 (full 6):
 PSYoungGen      total 574976K, used 513819K [0x00000000d5580000, 0x00000000ff480000, 0x0000000100000000)
  eden space 478208K, 100% used [0x00000000d5580000,0x00000000f2880000,0x00000000f2880000)
  from space 96768K, 36% used [0x00000000f9600000,0x00000000fb8c6da0,0x00000000ff480000)
  to   space 104448K, 0% used [0x00000000f2880000,0x00000000f2880000,0x00000000f8e80000)
 ParOldGen       total 361984K, used 167980K [0x0000000080000000, 0x0000000096180000, 0x00000000d5580000)
  object space 361984K, 46% used [0x0000000080000000,0x000000008a40b050,0x0000000096180000)
 Metaspace       used 195234K, capacity 206344K, committed 207400K, reserved 1228800K
  class space    used 25078K, capacity 27048K, committed 27560K, reserved 1048576K

Deoptimization events (10 events):
Event: 3831.863 Thread 0x000000001d9e6000 Uncommon trap: reason=predicate action=maybe_recompile pc=0x000000000521e238 method=java.util.LinkedList.toArray([Ljava/lang/Object;)[Ljava/lang/Object; @ 45
Event: 3831.863 Thread 0x000000001d9e6000 Uncommon trap: reason=array_check action=maybe_recompile pc=0x0000000002bb40a8 method=java.util.LinkedList.toArray([Ljava/lang/Object;)[Ljava/lang/Object; @ 55
Event: 3831.867 Thread 0x000000001d9e6000 Uncommon trap: reason=array_check action=maybe_recompile pc=0x0000000002bb40a8 method=java.util.LinkedList.toArray([Ljava/lang/Object;)[Ljava/lang/Object; @ 55
Event: 4048.359 Thread 0x0000000022419800 Uncommon trap: reason=unstable_if action=reinterpret pc=0x000000000544eb58 method=java.util.concurrent.locks.AbstractQueuedSynchronizer.unparkSuccessor(Ljava/util/concurrent/locks/AbstractQueuedSynchronizer$Node;)V @ 22
Event: 4049.042 Thread 0x000000001d9e7800 Uncommon trap: reason=unstable_if action=reinterpret pc=0x0000000006b6d99c method=com.android.ide.common.resources.ValueResourceParser2.getType(Lorg/w3c/dom/Node;Ljava/io/File;)Lcom/android/resources/ResourceType; @ 13
Event: 4049.144 Thread 0x000000001d9e7800 Uncommon trap: reason=bimorphic action=maybe_recompile pc=0x0000000005ce67c8 method=com.sun.org.apache.xerces.internal.dom.CoreDocumentImpl.isKidOK(Lorg/w3c/dom/Node;Lorg/w3c/dom/Node;)Z @ 39
Event: 4104.743 Thread 0x0000000022419800 Uncommon trap: reason=unstable_if action=reinterpret pc=0x0000000002df8384 method=java.util.concurrent.locks.LockSupport.unpark(Ljava/lang/Thread;)V @ 1
Event: 4107.601 Thread 0x000000001d9e7000 Uncommon trap: reason=unstable_if action=reinterpret pc=0x0000000004e420f8 method=java.util.concurrent.ConcurrentLinkedQueue.poll()Ljava/lang/Object; @ 74
Event: 4224.645 Thread 0x000000001d9e0000 Uncommon trap: reason=unstable_if action=reinterpret pc=0x0000000004b74a34 method=java.util.concurrent.locks.AbstractQueuedSynchronizer.unparkSuccessor(Ljava/util/concurrent/locks/AbstractQueuedSynchronizer$Node;)V @ 22
Event: 4225.763 Thread 0x000000001d9e1800 Uncommon trap: reason=unstable_if action=reinterpret pc=0x0000000002ccb8a8 method=java.util.concurrent.ConcurrentLinkedQueue.poll()Ljava/lang/Object; @ 74

Classes redefined (0 events):
No events

Internal exceptions (10 events):
Event: 4336.458 Thread 0x000000001d9db800 Exception <a 'sun/nio/fs/WindowsException'> (0x00000000ee8dc168) thrown at [C:\src\AOSP-openjdk-git\hotspot\src\share\vm\prims\jni.cpp, line 710]
Event: 4336.459 Thread 0x000000001d9db800 Exception <a 'sun/nio/fs/WindowsException'> (0x00000000ee8dd908) thrown at [C:\src\AOSP-openjdk-git\hotspot\src\share\vm\prims\jni.cpp, line 710]
Event: 4336.459 Thread 0x000000001d9db800 Exception <a 'sun/nio/fs/WindowsException'> (0x00000000ee8df130) thrown at [C:\src\AOSP-openjdk-git\hotspot\src\share\vm\prims\jni.cpp, line 710]
Event: 4336.459 Thread 0x000000001d9db800 Exception <a 'sun/nio/fs/WindowsException'> (0x00000000ee8e3850) thrown at [C:\src\AOSP-openjdk-git\hotspot\src\share\vm\prims\jni.cpp, line 710]
Event: 4336.459 Thread 0x000000001d9db800 Exception <a 'sun/nio/fs/WindowsException'> (0x00000000ee8e5030) thrown at [C:\src\AOSP-openjdk-git\hotspot\src\share\vm\prims\jni.cpp, line 710]
Event: 4336.460 Thread 0x000000001d9db800 Exception <a 'sun/nio/fs/WindowsException'> (0x00000000ee8e6898) thrown at [C:\src\AOSP-openjdk-git\hotspot\src\share\vm\prims\jni.cpp, line 710]
Event: 4336.460 Thread 0x000000001d9db800 Exception <a 'sun/nio/fs/WindowsException'> (0x00000000ee8eec30) thrown at [C:\src\AOSP-openjdk-git\hotspot\src\share\vm\prims\jni.cpp, line 710]
Event: 4336.460 Thread 0x000000001d9db800 Exception <a 'sun/nio/fs/WindowsException'> (0x00000000ee8f0420) thrown at [C:\src\AOSP-openjdk-git\hotspot\src\share\vm\prims\jni.cpp, line 710]
Event: 4336.460 Thread 0x000000001d9db800 Exception <a 'sun/nio/fs/WindowsException'> (0x00000000ee8f1c98) thrown at [C:\src\AOSP-openjdk-git\hotspot\src\share\vm\prims\jni.cpp, line 710]
Event: 4336.966 Thread 0x000000001d9db800 Exception <a 'sun/nio/fs/WindowsException'> (0x00000000f22241f8) thrown at [C:\src\AOSP-openjdk-git\hotspot\src\share\vm\prims\jni.cpp, line 710]

Events (10 events):
Event: 4565.125 Thread 0x00000000174c0800 flushing nmethod 0x00000000070e5e50
Event: 4565.125 Thread 0x00000000174c0800 flushing nmethod 0x00000000070f7bd0
Event: 4565.125 Thread 0x00000000174c0800 flushing nmethod 0x00000000070fb3d0
Event: 4565.126 Thread 0x00000000174c0800 flushing nmethod 0x000000000711e4d0
Event: 4565.127 Thread 0x00000000174c0800 flushing nmethod 0x000000000723a1d0
Event: 4565.127 Thread 0x00000000174c0800 flushing nmethod 0x00000000072573d0
Event: 4565.127 Thread 0x000000001d9db800 Thread added: 0x000000001d9db800
Event: 4565.128 Thread 0x00000000174c0800 flushing nmethod 0x0000000007320590
Event: 4565.131 Thread 0x00000000174c0800 flushing nmethod 0x00000000073ffa90
Event: 4565.131 Executing VM operation: ParallelGCFailedAllocation


Dynamic libraries:
0x00007ff6b5440000 - 0x00007ff6b5471000 	C:\Program Files\Android\Android Studio\jre\bin\java.exe
0x00007ffc278c0000 - 0x00007ffc27ab0000 	C:\WINDOWS\SYSTEM32\ntdll.dll
0x00007ffc25f50000 - 0x00007ffc26002000 	C:\WINDOWS\System32\KERNEL32.DLL
0x00007ffc256c0000 - 0x00007ffc25964000 	C:\WINDOWS\System32\KERNELBASE.dll
0x00007ffc26340000 - 0x00007ffc263e3000 	C:\WINDOWS\System32\ADVAPI32.dll
0x00007ffc26170000 - 0x00007ffc2620e000 	C:\WINDOWS\System32\msvcrt.dll
0x00007ffc277e0000 - 0x00007ffc27877000 	C:\WINDOWS\System32\sechost.dll
0x00007ffc26ca0000 - 0x00007ffc26dc0000 	C:\WINDOWS\System32\RPCRT4.dll
0x00007ffc26520000 - 0x00007ffc266b5000 	C:\WINDOWS\System32\USER32.dll
0x00007ffc24840000 - 0x00007ffc24861000 	C:\WINDOWS\System32\win32u.dll
0x00007ffc26f10000 - 0x00007ffc26f36000 	C:\WINDOWS\System32\GDI32.dll
0x00007ffc25370000 - 0x00007ffc25506000 	C:\WINDOWS\System32\gdi32full.dll
0x00007ffc25620000 - 0x00007ffc256be000 	C:\WINDOWS\System32\msvcp_win.dll
0x00007ffc248c0000 - 0x00007ffc249ba000 	C:\WINDOWS\System32\ucrtbase.dll
0x00007ffc23c70000 - 0x00007ffc23ef4000 	C:\WINDOWS\WinSxS\amd64_microsoft.windows.common-controls_6595b64144ccf1df_6.0.18362.1016_none_9e7a36bbe461dae4\COMCTL32.dll
0x00007ffc266c0000 - 0x00007ffc269f5000 	C:\WINDOWS\System32\combase.dll
0x00007ffc252f0000 - 0x00007ffc25370000 	C:\WINDOWS\System32\bcryptPrimitives.dll
0x00007ffc25f20000 - 0x00007ffc25f4e000 	C:\WINDOWS\System32\IMM32.DLL
0x000000005bec0000 - 0x000000005bf92000 	C:\Program Files\Android\Android Studio\jre\jre\bin\msvcr100.dll
0x000000005bfa0000 - 0x000000005c7eb000 	C:\Program Files\Android\Android Studio\jre\jre\bin\server\jvm.dll
0x00007ffc26c30000 - 0x00007ffc26c38000 	C:\WINDOWS\System32\PSAPI.DLL
0x00007ffc22c00000 - 0x00007ffc22c09000 	C:\WINDOWS\SYSTEM32\WSOCK32.dll
0x00007ffc27770000 - 0x00007ffc277df000 	C:\WINDOWS\System32\WS2_32.dll
0x00007ffc20530000 - 0x00007ffc20554000 	C:\WINDOWS\SYSTEM32\WINMM.dll
0x00007ffc1db80000 - 0x00007ffc1db8a000 	C:\WINDOWS\SYSTEM32\VERSION.dll
0x00007ffc20500000 - 0x00007ffc2052d000 	C:\WINDOWS\SYSTEM32\WINMMBASE.dll
0x00007ffc24870000 - 0x00007ffc248ba000 	C:\WINDOWS\System32\cfgmgr32.dll
0x00007ffc22bd0000 - 0x00007ffc22bdf000 	C:\Program Files\Android\Android Studio\jre\jre\bin\verify.dll
0x00007ffc1c8c0000 - 0x00007ffc1c8e9000 	C:\Program Files\Android\Android Studio\jre\jre\bin\java.dll
0x00007ffc22580000 - 0x00007ffc22596000 	C:\Program Files\Android\Android Studio\jre\jre\bin\zip.dll
0x00007ffc27080000 - 0x00007ffc27767000 	C:\WINDOWS\System32\SHELL32.dll
0x00007ffc263f0000 - 0x00007ffc26499000 	C:\WINDOWS\System32\shcore.dll
0x00007ffc24b60000 - 0x00007ffc252e2000 	C:\WINDOWS\System32\windows.storage.dll
0x00007ffc24810000 - 0x00007ffc24833000 	C:\WINDOWS\System32\profapi.dll
0x00007ffc247c0000 - 0x00007ffc2480a000 	C:\WINDOWS\System32\powrprof.dll
0x00007ffc24770000 - 0x00007ffc24780000 	C:\WINDOWS\System32\UMPDC.dll
0x00007ffc26c40000 - 0x00007ffc26c92000 	C:\WINDOWS\System32\shlwapi.dll
0x00007ffc24780000 - 0x00007ffc24791000 	C:\WINDOWS\System32\kernel.appcore.dll
0x00007ffc249c0000 - 0x00007ffc249d7000 	C:\WINDOWS\System32\cryptsp.dll
0x00007ffc16b80000 - 0x00007ffc16b9a000 	C:\Program Files\Android\Android Studio\jre\jre\bin\net.dll
0x00007ffc23950000 - 0x00007ffc239b7000 	C:\WINDOWS\system32\mswsock.dll
0x00007ffc16b60000 - 0x00007ffc16b73000 	C:\Program Files\Android\Android Studio\jre\jre\bin\nio.dll
0x00007ffc1ead0000 - 0x00007ffc1eaf6000 	C:\Users\Lingga\.gradle\wrapper\dists\gradle-3.3\native\31\windows-amd64\native-platform.dll
0x00007ffc1e200000 - 0x00007ffc1e20d000 	C:\Program Files\Android\Android Studio\jre\jre\bin\management.dll
0x00007ffc234c0000 - 0x00007ffc234f3000 	C:\WINDOWS\system32\rsaenh.dll
0x00007ffc24b30000 - 0x00007ffc24b56000 	C:\WINDOWS\System32\bcrypt.dll
0x00007ffc24690000 - 0x00007ffc246b5000 	C:\WINDOWS\SYSTEM32\USERENV.dll
0x00007ffc23b20000 - 0x00007ffc23b2c000 	C:\WINDOWS\SYSTEM32\CRYPTBASE.dll
0x00007ffc23660000 - 0x00007ffc2369a000 	C:\WINDOWS\SYSTEM32\IPHLPAPI.DLL
0x00007ffc25e60000 - 0x00007ffc25e68000 	C:\WINDOWS\System32\NSI.dll
0x00007ffc166c0000 - 0x00007ffc166d6000 	C:\WINDOWS\SYSTEM32\dhcpcsvc6.DLL
0x00007ffc16860000 - 0x00007ffc1687c000 	C:\WINDOWS\SYSTEM32\dhcpcsvc.DLL
0x00007ffc236a0000 - 0x00007ffc2376b000 	C:\WINDOWS\SYSTEM32\DNSAPI.dll
0x00007ffc08d20000 - 0x00007ffc08d44000 	C:\Program Files\Android\Android Studio\jre\jre\bin\sunec.dll
0x00007ffc13920000 - 0x00007ffc1392a000 	C:\Windows\System32\rasadhlp.dll
0x00007ffc166e0000 - 0x00007ffc16757000 	C:\WINDOWS\System32\fwpuclnt.dll
0x00007ffc168d0000 - 0x00007ffc168db000 	C:\Program Files\Android\Android Studio\jre\jre\bin\sunmscapi.dll
0x00007ffc249e0000 - 0x00007ffc24b29000 	C:\WINDOWS\System32\CRYPT32.dll
0x00007ffc247a0000 - 0x00007ffc247b2000 	C:\WINDOWS\System32\MSASN1.dll
0x00007ffc1eb10000 - 0x00007ffc1eb2e000 	C:\Users\Lingga\AppData\Local\Temp\native-platform7833004808814293163dir\native-platform.dll
0x0000000066e00000 - 0x0000000066f03000 	C:\Users\Lingga\AppData\Local\Temp\sqlite-3.25.2-ee62732f-5d90-4377-8e00-38f29b1a1418-sqlitejdbc.dll
0x000000002f730000 - 0x000000002f833000 	C:\Users\Lingga\AppData\Local\Temp\sqlite-3.25.2-99dc2671-66c6-46f7-a3b7-5e0c72bba60c-sqlitejdbc.dll
0x000000002c610000 - 0x000000002c713000 	C:\Users\Lingga\AppData\Local\Temp\sqlite-3.25.2-721fab86-4ab4-4414-bba7-6e899dc88d4d-sqlitejdbc.dll
0x00007ffc24290000 - 0x00007ffc24484000 	C:\WINDOWS\SYSTEM32\dbghelp.dll

VM Arguments:
jvm_args: -Xmx2048m -Dfile.encoding=windows-1252 -Duser.country=ID -Duser.language=en -Duser.variant 
java_command: org.gradle.launcher.daemon.bootstrap.GradleDaemon 6.1.1
java_class_path (initial): C:\Users\Lingga\.gradle\wrapper\dists\gradle-3.3\wrapper\dists\gradle-6.1.1-all\cfmwm155h49vnt3hynmlrsdst\gradle-6.1.1\lib\gradle-launcher-6.1.1.jar
Launcher Type: SUN_STANDARD

Environment Variables:
JAVA_HOME=C:\Users\Lingga\Downloads\Compressed\jdk-11.0.2
PATH=C:\Program Files (x86)\Intel\iCLS Client\;C:\Program Files\Intel\iCLS Client\;C:\Windows\system32;C:\Windows;C:\Windows\System32\Wbem;C:\Windows\System32\WindowsPowerShell\v1.0\;C:\Program Files (x86)\NVIDIA Corporation\PhysX\Common;C:\Program Files (x86)\Intel\Intel(R) Management Engine Components\DAL;C:\Program Files\Intel\Intel(R) Management Engine Components\DAL;C:\Program Files (x86)\Intel\Intel(R) Management Engine Components\IPT;C:\Program Files\Intel\Intel(R) Management Engine Components\IPT;C:\WINDOWS\system32;C:\WINDOWS;C:\WINDOWS\System32\Wbem;C:\WINDOWS\System32\WindowsPowerShell\v1.0\;C:\WINDOWS\System32\OpenSSH\;C:\Program Files (x86)\GtkSharp\2.12\bin;C:\Users\Lingga\Downloads\Compressed\jdk-11.0.2\bin;C:\Program Files\Git\cmd;C:\Users\Lingga\AppData\Local\Programs\Python\Python37\Scripts\;C:\Users\Lingga\AppData\Local\Programs\Python\Python37\;C:\BC5\BIN;C:\Users\Lingga\AppData\Local\Microsoft\WindowsApps;C:\Users\Lingga\Downloads\Compressed\jdk-11.0.2\bin;;C:\Users\Lingga\AppData\Local\Programs\Microsoft VS Code\bin
USERNAME=Lingga
OS=Windows_NT
PROCESSOR_IDENTIFIER=Intel64 Family 6 Model 78 Stepping 3, GenuineIntel



---------------  S Y S T E M  ---------------

OS: Windows 10.0 , 64 bit Build 18362 (10.0.18362.959)

CPU:total 4 (initial active 4) (2 cores per cpu, 2 threads per core) family 6 model 78 stepping 3, cmov, cx8, fxsr, mmx, sse, sse2, sse3, ssse3, sse4.1, sse4.2, popcnt, avx, avx2, aes, clmul, erms, 3dnowpref, lzcnt, ht, tsc, tscinvbit, bmi1, bmi2, adx

Memory: 4k page, physical 8055920k(755728k free), swap 17795216k(6752456k free)

vm_info: OpenJDK 64-Bit Server VM (25.242-b01) for windows-amd64 JRE (1.8.0_242-release-1644-b01), built by "builder" with MS VC++ 10.0 (VS2010)

time: Sat Aug 29 12:18:20 2020
timezone: SE Asia Standard Time
elapsed time: 4565 seconds (0d 1h 16m 5s)

