#
# A fatal error has been detected by the Java Runtime Environment:
#
#  EXCEPTION_ACCESS_VIOLATION (0xc0000005) at pc=0x0000000071edf93b, pid=5352, tid=0x00000000000004ec
#
# JRE version: OpenJDK Runtime Environment (8.0_242-b01) (build 1.8.0_242-release-1644-b01)
# Java VM: OpenJDK 64-Bit Server VM (25.242-b01 mixed mode windows-amd64 compressed oops)
# Problematic frame:
# V  [jvm.dll+0xef93b]
#
# Failed to write core dump. Minidumps are not enabled by default on client versions of Windows
#
# If you would like to submit a bug report, please visit:
#   
#

---------------  T H R E A D  ---------------

Current thread (0x0000000002389000):  GCTaskThread [stack: 0x0000000011ff0000,0x00000000120f0000] [id=1260]

siginfo: ExceptionCode=0xc0000005, reading address 0x0000000400380148

Registers:
RAX=0x00000000122f0000, RBX=0x0000000086836ac8, RCX=0x0000000000000003, RDX=0x0000000000000001
RSP=0x00000000120efa90, RBP=0x0000000086836a90, RSI=0x0000000000000005, RDI=0x000000000245b730
R8 =0x0000000400380140, R9 =0x0000000000000005, R10=0x000000000000000c, R11=0x0000000000001c2a
R12=0x0000000086836a94, R13=0x0000000100006548, R14=0x0000000100006550, R15=0x0000000086836a70
RIP=0x0000000071edf93b, EFLAGS=0x0000000000010202

Top of Stack: (sp=0x00000000120efa90)
0x00000000120efa90:   0000000086836a98 0000000086836a8c
0x00000000120efaa0:   0000000000000005 000000000245b730
0x00000000120efab0:   0000000000000000 00000000000003d8
0x00000000120efac0:   0000000002389998 000000000237e750
0x00000000120efad0:   0000000000001c2a 00000000721b9af0
0x00000000120efae0:   000000001775f190 0000000002410a40
0x00000000120efaf0:   000000000245b730 00000000023895c0
0x00000000120efb00:   0000000000000000 0000000000000c00
0x00000000120efb10:   0000000000000000 0000000000000000
0x00000000120efb20:   0000000000000000 00000000222ed000
0x00000000120efb30:   0000000000000001 000000001b1dc801
0x00000000120efb40:   00007feb33ff4153 0000000002389998
0x00000000120efb50:   00000000023895c0 00000000000003d8
0x00000000120efb60:   00000000023895c0 000000000237e750
0x00000000120efb70:   00000000023895b0 0000000002410a40
0x00000000120efb80:   000000000245b730 00000000721b6a93 

Instructions: (pc=0x0000000071edf93b)
0x0000000071edf91b:   6d 00 84 d2 74 16 44 8b 43 08 8b 0d 8d 5d 67 00
0x0000000071edf92b:   49 d3 e0 4c 03 05 7b 5d 67 00 eb 04 4c 8b 43 08
0x0000000071edf93b:   45 8b 48 08 45 85 c9 7e 0c 41 f6 c1 01 75 4b 41
0x0000000071edf94b:   c1 f9 03 eb 57 79 43 84 d2 41 8b c9 b8 10 00 00 


Register to memory mapping:

RAX=0x00000000122f0000 is an unknown value
RBX=0x0000000086836ac8 is pointing into object: 0x0000000086836ac0
java.lang.ref.Finalizer 
 - klass: 'java/lang/ref/Finalizer'
RCX=0x0000000000000003 is an unknown value
RDX=0x0000000000000001 is an unknown value
RSP=0x00000000120efa90 is an unknown value
RBP=0x0000000086836a90 is pointing into object: 0x0000000086836a70
java.lang.ref.Finalizer 
 - klass: 'java/lang/ref/Finalizer'
RSI=0x0000000000000005 is an unknown value
RDI=0x000000000245b730 is an unknown value
R8 =0x0000000400380140 is an unknown value
R9 =0x0000000000000005 is an unknown value
R10=0x000000000000000c is an unknown value
R11=0x0000000000001c2a is an unknown value
R12=0x0000000086836a94 is pointing into object: 0x0000000086836a70
java.lang.ref.Finalizer 
 - klass: 'java/lang/ref/Finalizer'
R13=0x0000000100006548 is pointing into metadata
R14=0x0000000100006550 is pointing into metadata
R15=0x0000000086836a70 is an oop
java.lang.ref.Finalizer 
 - klass: 'java/lang/ref/Finalizer'


Stack: [0x0000000011ff0000,0x00000000120f0000],  sp=0x00000000120efa90,  free space=1022k
Native frames: (J=compiled Java code, j=interpreted, Vv=VM code, C=native code)
V  [jvm.dll+0xef93b]
V  [jvm.dll+0x3c9af0]
V  [jvm.dll+0x3c6a93]
V  [jvm.dll+0x3c482e]
V  [jvm.dll+0x27276a]
C  [msvcr100.dll+0x21d9f]
C  [msvcr100.dll+0x21e3b]
C  [KERNEL32.DLL+0x17bd4]
C  [ntdll.dll+0x6ce51]


---------------  P R O C E S S  ---------------

Java Threads: ( => current thread )
  0x00000000222ed000 JavaThread "RMI TCP Connection(6)-127.0.0.1" daemon [_thread_in_native, id=4824, stack(0x00000000333f0000,0x00000000334f0000)]
  0x00000000222eb800 JavaThread "RMI RenewClean-[127.0.0.1:17574,org.jetbrains.kotlin.daemon.common.LoopbackNetworkInterface$ClientLoopbackSocketFactory@54ee7fdd]" daemon [_thread_blocked, id=5080, stack(0x00000000327a0000,0x00000000328a0000)]
  0x00000000222e8800 JavaThread "RMI TCP Connection(7)-127.0.0.1" daemon [_thread_in_native, id=4592, stack(0x0000000032d00000,0x0000000032e00000)]
  0x00000000222ec000 JavaThread "RMI RenewClean-[127.0.0.1:17574,org.jetbrains.kotlin.daemon.common.LoopbackNetworkInterface$ClientLoopbackSocketFactory@10e01173]" daemon [_thread_blocked, id=3108, stack(0x00000000250e0000,0x00000000251e0000)]
  0x000000001f90b000 JavaThread "Cache worker for Java compile cache (E:\Dev\Android\the-movie-db\.gradle\6.1.1\javaCompile)" [_thread_blocked, id=476, stack(0x0000000032a00000,0x0000000032b00000)]
  0x000000001f908000 JavaThread "Cache worker for Java compile cache (C:\Users\Lingga\.gradle\wrapper\dists\gradle-3.3\caches\6.1.1\javaCompile)" [_thread_blocked, id=5992, stack(0x0000000032900000,0x0000000032a00000)]
  0x000000001f901800 JavaThread "stdout" [_thread_in_native, id=1116, stack(0x0000000030000000,0x0000000030100000)]
  0x000000001f8ff000 JavaThread "stderr" [_thread_in_native, id=5620, stack(0x000000002ff00000,0x0000000030000000)]
  0x000000001f906000 JavaThread "stdout" [_thread_in_native, id=8556, stack(0x000000002fe00000,0x000000002ff00000)]
  0x000000001f900800 JavaThread "stderr" [_thread_in_native, id=996, stack(0x000000002fd00000,0x000000002fe00000)]
  0x0000000022509800 JavaThread "pool-16-thread-1" [_thread_blocked, id=12356, stack(0x000000002b690000,0x000000002b790000)]
  0x000000001e310800 JavaThread "WorkerExecutor Queue Thread 4" [_thread_blocked, id=2216, stack(0x0000000028120000,0x0000000028220000)]
  0x000000002570b000 JavaThread "WorkerExecutor Queue Thread 3" [_thread_blocked, id=10588, stack(0x000000001c760000,0x000000001c860000)]
  0x000000001e31b000 JavaThread "WorkerExecutor Queue Thread 2" [_thread_blocked, id=11640, stack(0x0000000028820000,0x0000000028920000)]
  0x000000001e315800 JavaThread "WorkerExecutor Queue" [_thread_blocked, id=2276, stack(0x00000000289f0000,0x0000000028af0000)]
  0x000000001e314000 JavaThread "RMI TCP Connection(idle)" daemon [_thread_blocked, id=5548, stack(0x0000000028520000,0x0000000028620000)]
  0x000000001e311000 JavaThread "RMI Reaper" [_thread_blocked, id=2320, stack(0x0000000028420000,0x0000000028520000)]
  0x000000002570b800 JavaThread "RMI TCP Accept-0" daemon [_thread_in_native, id=656, stack(0x0000000028320000,0x0000000028420000)]
  0x000000002570a000 JavaThread "GC Daemon" daemon [_thread_blocked, id=8572, stack(0x0000000028220000,0x0000000028320000)]
  0x0000000025710000 JavaThread "RMI Scheduler(0)" daemon [_thread_blocked, id=11880, stack(0x0000000028020000,0x0000000028120000)]
  0x000000002570c800 JavaThread "Cache worker for execution history cache (E:\Dev\Android\the-movie-db\.gradle\6.1.1\executionHistory)" [_thread_blocked, id=8124, stack(0x0000000027d20000,0x0000000027e20000)]
  0x000000002570e800 JavaThread "Execution worker for ':' Thread 3" [_thread_blocked, id=10708, stack(0x0000000027c20000,0x0000000027d20000)]
  0x000000002570f800 JavaThread "Execution worker for ':' Thread 2" [_thread_blocked, id=6072, stack(0x0000000027650000,0x0000000027750000)]
  0x000000002570d000 JavaThread "Execution worker for ':'" [_thread_blocked, id=12988, stack(0x0000000027350000,0x0000000027450000)]
  0x000000002570e000 JavaThread "Cache worker for file content cache (E:\Dev\Android\the-movie-db\.gradle\6.1.1\fileContent)" [_thread_blocked, id=1928, stack(0x0000000027250000,0x0000000027350000)]
  0x0000000022511800 JavaThread "Cache worker for file content cache (C:\Users\Lingga\.gradle\wrapper\dists\gradle-3.3\caches\6.1.1\fileContent)" [_thread_blocked, id=4968, stack(0x0000000026ca0000,0x0000000026da0000)]
  0x000000002250f800 JavaThread "Cache worker for Build Output Cleanup Cache (E:\Dev\Android\the-movie-db\.gradle\buildOutputCleanup)" [_thread_blocked, id=12848, stack(0x0000000024710000,0x0000000024810000)]
  0x0000000022511000 JavaThread "pool-7-thread-1" [_thread_blocked, id=8992, stack(0x00000000238b0000,0x00000000239b0000)]
  0x0000000022513000 JavaThread "Build operations Thread 4" [_thread_blocked, id=5684, stack(0x00000000235b0000,0x00000000236b0000)]
  0x0000000022512800 JavaThread "Build operations Thread 3" [_thread_blocked, id=3284, stack(0x0000000023000000,0x0000000023100000)]
  0x000000002250e800 JavaThread "Build operations Thread 2" [_thread_blocked, id=3564, stack(0x0000000022f00000,0x0000000023000000)]
  0x0000000022508000 JavaThread "Build operations" [_thread_blocked, id=5776, stack(0x0000000022e00000,0x0000000022f00000)]
  0x000000002250e000 JavaThread "Cache worker for cache directory md-rule (C:\Users\Lingga\.gradle\wrapper\dists\gradle-3.3\caches\6.1.1\md-rule)" [_thread_blocked, id=9004, stack(0x0000000021ad0000,0x0000000021bd0000)]
  0x0000000022506800 JavaThread "Cache worker for cache directory md-supplier (C:\Users\Lingga\.gradle\wrapper\dists\gradle-3.3\caches\6.1.1\md-supplier)" [_thread_blocked, id=8828, stack(0x0000000020a30000,0x0000000020b30000)]
  0x000000002250d000 JavaThread "Cache worker for file hash cache (E:\Dev\Android\the-movie-db\.gradle\6.1.1\fileHashes)" [_thread_blocked, id=12928, stack(0x0000000020930000,0x0000000020a30000)]
  0x000000002250c800 JavaThread "Cache worker for checksums cache (E:\Dev\Android\the-movie-db\.gradle\checksums)" [_thread_blocked, id=1592, stack(0x0000000020730000,0x0000000020830000)]
  0x0000000022505000 JavaThread "Thread-69" [_thread_blocked, id=5820, stack(0x0000000020630000,0x0000000020730000)]
  0x0000000022504000 JavaThread "Asynchronous log dispatcher for DefaultDaemonConnection: socket connection from /127.0.0.1:64566 to /127.0.0.1:64740" [_thread_blocked, id=7404, stack(0x000000001c660000,0x000000001c760000)]
  0x000000002250b000 JavaThread "Daemon worker Thread 3" [_thread_blocked, id=11620, stack(0x000000001c560000,0x000000001c660000)]
  0x000000002250a000 JavaThread "Cancel handler" [_thread_blocked, id=1660, stack(0x000000001c160000,0x000000001c260000)]
  0x0000000022505800 JavaThread "Handler for socket connection from /127.0.0.1:64566 to /127.0.0.1:64740" [_thread_in_native, id=2384, stack(0x0000000000980000,0x0000000000a80000)]
  0x0000000022508800 JavaThread "Daemon Thread 3" [_thread_blocked, id=3996, stack(0x0000000000780000,0x0000000000880000)]
  0x000000001e31a000 JavaThread "Memory manager" [_thread_blocked, id=8560, stack(0x0000000023fb0000,0x00000000240b0000)]
  0x0000000019d14800 JavaThread "Cache worker for execution history cache (C:\Users\Lingga\.gradle\wrapper\dists\gradle-3.3\caches\6.1.1\executionHistory)" [_thread_blocked, id=10912, stack(0x0000000020830000,0x0000000020930000)]
  0x0000000019d0e000 JavaThread "Cache worker for file hash cache (C:\Users\Lingga\.gradle\wrapper\dists\gradle-3.3\caches\6.1.1\fileHashes)" [_thread_blocked, id=1284, stack(0x000000001ce60000,0x000000001cf60000)]
  0x0000000019d13800 JavaThread "File lock request listener" [_thread_in_native, id=11984, stack(0x000000001cd60000,0x000000001ce60000)]
  0x000000001ae41800 JavaThread "Cache worker for journal cache (C:\Users\Lingga\.gradle\wrapper\dists\gradle-3.3\caches\journal-1)" [_thread_blocked, id=10300, stack(0x000000001cc60000,0x000000001cd60000)]
  0x00000000192bb800 JavaThread "Daemon periodic checks" [_thread_blocked, id=12384, stack(0x000000001c060000,0x000000001c160000)]
  0x0000000019304800 JavaThread "Incoming local TCP Connector on port 64566" [_thread_in_native, id=4956, stack(0x00000000190e0000,0x00000000191e0000)]
  0x000000001aa09800 JavaThread "Daemon health stats" [_thread_blocked, id=12100, stack(0x0000000018fe0000,0x00000000190e0000)]
  0x00000000170ee800 JavaThread "Service Thread" daemon [_thread_blocked, id=1204, stack(0x0000000018de0000,0x0000000018ee0000)]
  0x00000000170ab000 JavaThread "C1 CompilerThread2" daemon [_thread_blocked, id=2816, stack(0x00000000188e0000,0x00000000189e0000)]
  0x000000001709c800 JavaThread "C2 CompilerThread1" daemon [_thread_blocked, id=7272, stack(0x00000000187e0000,0x00000000188e0000)]
  0x0000000017098800 JavaThread "C2 CompilerThread0" daemon [_thread_blocked, id=1560, stack(0x00000000186e0000,0x00000000187e0000)]
  0x0000000017095800 JavaThread "Attach Listener" daemon [_thread_blocked, id=12844, stack(0x00000000185e0000,0x00000000186e0000)]
  0x0000000017092800 JavaThread "Signal Dispatcher" daemon [_thread_blocked, id=5876, stack(0x00000000184e0000,0x00000000185e0000)]
  0x000000000246b800 JavaThread "Finalizer" daemon [_thread_blocked, id=11516, stack(0x00000000182e0000,0x00000000183e0000)]
  0x0000000017079000 JavaThread "Reference Handler" daemon [_thread_blocked, id=6516, stack(0x00000000181e0000,0x00000000182e0000)]
  0x000000000065e800 JavaThread "main" [_thread_blocked, id=7568, stack(0x0000000002270000,0x0000000002370000)]

Other Threads:
  0x0000000017056800 VMThread [stack: 0x00000000180e0000,0x00000000181e0000] [id=9184]
  0x0000000018a18800 WatcherThread [stack: 0x0000000018ee0000,0x0000000018fe0000] [id=12536]

=>0x0000000002389000 (exited) GCTaskThread [stack: 0x0000000011ff0000,0x00000000120f0000] [id=1260]

VM state:at safepoint (normal execution)

VM Mutex/Monitor currently owned by a thread:  ([mutex/lock_event])
[0x000000000065cdc0] Threads_lock - owner thread: 0x0000000017056800
[0x000000000065d3c0] Heap_lock - owner thread: 0x000000002570e800

heap address: 0x0000000080000000, size: 2048 MB, Compressed Oops mode: 32-bit
Narrow klass base: 0x0000000000000000, Narrow klass shift: 3
Compressed class space size: 1073741824 Address: 0x0000000100000000

Heap:
 PSYoungGen      total 599552K, used 5487K [0x00000000d5580000, 0x0000000100000000, 0x0000000100000000)
  eden space 501248K, 0% used [0x00000000d5580000,0x00000000d5580000,0x00000000f3f00000)
  from space 98304K, 5% used [0x00000000fa000000,0x00000000fa55bd20,0x0000000100000000)
  to   space 98816K, 0% used [0x00000000f3f00000,0x00000000f3f00000,0x00000000f9f80000)
 ParOldGen       total 394752K, used 360053K [0x0000000080000000, 0x0000000098180000, 0x00000000d5580000)
  object space 394752K, 91% used [0x0000000080000000,0x0000000095f9d738,0x0000000098180000)
 Metaspace       used 141017K, capacity 148616K, committed 148888K, reserved 1179648K
  class space    used 17803K, capacity 19340K, committed 19368K, reserved 1048576K

Card table byte_map: [0x0000000011830000,0x0000000011c40000] byte_map_base: 0x0000000011430000

Marking Bits: (ParMarkBitMap*) 0x00000000725bf030
 Begin Bits: [0x00000000122f0000, 0x00000000142f0000)
 End Bits:   [0x00000000142f0000, 0x00000000162f0000)

Polling page: 0x0000000000600000

CodeCache: size=245760Kb used=78277Kb max_used=78289Kb free=167482Kb
 bounds [0x0000000002470000, 0x0000000007150000, 0x0000000011470000]
 total_blobs=24257 nmethods=23257 adapters=911
 compilation: enabled

Compilation events (10 events):
Event: 485.223 Thread 0x000000001709c800 28388       4       java.util.zip.ZipInputStream::readEnd (510 bytes)
Event: 485.223 Thread 0x00000000170ab000 nmethod 28387 0x0000000005744790 code [0x00000000057449c0, 0x0000000005745528]
Event: 485.267 Thread 0x00000000170ab000 28390       3       org.objectweb.asm.MethodVisitor::visitParameter (36 bytes)
Event: 485.267 Thread 0x00000000170ab000 nmethod 28390 0x0000000005742210 code [0x00000000057423a0, 0x00000000057426d8]
Event: 485.273 Thread 0x000000001709c800 nmethod 28388 0x0000000007138d50 code [0x0000000007138f00, 0x000000000713a3b8]
Event: 485.274 Thread 0x000000001709c800 28389       4       org.objectweb.asm.Type::getArgumentsAndReturnSizes (132 bytes)
Event: 485.279 Thread 0x00000000170ab000 28392       3       org.objectweb.asm.ClassReader::readField (667 bytes)
Event: 485.286 Thread 0x00000000170ab000 nmethod 28392 0x000000000713b350 code [0x000000000713b880, 0x000000000713ef18]
Event: 485.290 Thread 0x000000001709c800 nmethod 28389 0x0000000007135290 code [0x00000000071353e0, 0x0000000007135898]
Event: 485.290 Thread 0x000000001709c800 28391       4       org.gradle.api.internal.tasks.compile.ApiMemberSelector::visitAnnotationMembers (90 bytes)

GC Heap History (10 events):
Event: 416.456 GC heap after
Heap after GC invocations=33 (full 5):
 PSYoungGen      total 504320K, used 66531K [0x00000000d5580000, 0x00000000fa180000, 0x0000000100000000)
  eden space 437760K, 0% used [0x00000000d5580000,0x00000000d5580000,0x00000000f0100000)
  from space 66560K, 99% used [0x00000000f4e00000,0x00000000f8ef8cb0,0x00000000f8f00000)
  to   space 78848K, 0% used [0x00000000f0100000,0x00000000f0100000,0x00000000f4e00000)
 ParOldGen       total 394752K, used 217913K [0x0000000080000000, 0x0000000098180000, 0x00000000d5580000)
  object space 394752K, 55% used [0x0000000080000000,0x000000008d4ce740,0x0000000098180000)
 Metaspace       used 135727K, capacity 142928K, committed 143256K, reserved 1173504K
  class space    used 17310K, capacity 18744K, committed 18856K, reserved 1048576K
}
Event: 419.898 GC heap before
{Heap before GC invocations=34 (full 5):
 PSYoungGen      total 504320K, used 504291K [0x00000000d5580000, 0x00000000fa180000, 0x0000000100000000)
  eden space 437760K, 100% used [0x00000000d5580000,0x00000000f0100000,0x00000000f0100000)
  from space 66560K, 99% used [0x00000000f4e00000,0x00000000f8ef8cb0,0x00000000f8f00000)
  to   space 78848K, 0% used [0x00000000f0100000,0x00000000f0100000,0x00000000f4e00000)
 ParOldGen       total 394752K, used 217913K [0x0000000080000000, 0x0000000098180000, 0x00000000d5580000)
  object space 394752K, 55% used [0x0000000080000000,0x000000008d4ce740,0x0000000098180000)
 Metaspace       used 136013K, capacity 143220K, committed 143512K, reserved 1173504K
  class space    used 17318K, capacity 18746K, committed 18856K, reserved 1048576K
Event: 420.304 GC heap after
Heap after GC invocations=34 (full 5):
 PSYoungGen      total 516608K, used 22175K [0x00000000d5580000, 0x00000000fe900000, 0x0000000100000000)
  eden space 437760K, 0% used [0x00000000d5580000,0x00000000d5580000,0x00000000f0100000)
  from space 78848K, 28% used [0x00000000f0100000,0x00000000f16a7d08,0x00000000f4e00000)
  to   space 76800K, 0% used [0x00000000f9e00000,0x00000000f9e00000,0x00000000fe900000)
 ParOldGen       total 394752K, used 278324K [0x0000000080000000, 0x0000000098180000, 0x00000000d5580000)
  object space 394752K, 70% used [0x0000000080000000,0x0000000090fcd210,0x0000000098180000)
 Metaspace       used 136013K, capacity 143220K, committed 143512K, reserved 1173504K
  class space    used 17318K, capacity 18746K, committed 18856K, reserved 1048576K
}
Event: 465.110 GC heap before
{Heap before GC invocations=35 (full 5):
 PSYoungGen      total 516608K, used 459935K [0x00000000d5580000, 0x00000000fe900000, 0x0000000100000000)
  eden space 437760K, 100% used [0x00000000d5580000,0x00000000f0100000,0x00000000f0100000)
  from space 78848K, 28% used [0x00000000f0100000,0x00000000f16a7d08,0x00000000f4e00000)
  to   space 76800K, 0% used [0x00000000f9e00000,0x00000000f9e00000,0x00000000fe900000)
 ParOldGen       total 394752K, used 278324K [0x0000000080000000, 0x0000000098180000, 0x00000000d5580000)
  object space 394752K, 70% used [0x0000000080000000,0x0000000090fcd210,0x0000000098180000)
 Metaspace       used 139977K, capacity 147372K, committed 147480K, reserved 1177600K
  class space    used 17719K, capacity 19228K, committed 19240K, reserved 1048576K
Event: 465.344 GC heap after
Heap after GC invocations=35 (full 5):
 PSYoungGen      total 578048K, used 40429K [0x00000000d5580000, 0x00000000fdd00000, 0x0000000100000000)
  eden space 513536K, 0% used [0x00000000d5580000,0x00000000d5580000,0x00000000f4b00000)
  from space 64512K, 62% used [0x00000000f9e00000,0x00000000fc57b6d8,0x00000000fdd00000)
  to   space 74752K, 0% used [0x00000000f4b00000,0x00000000f4b00000,0x00000000f9400000)
 ParOldGen       total 394752K, used 294324K [0x0000000080000000, 0x0000000098180000, 0x00000000d5580000)
  object space 394752K, 74% used [0x0000000080000000,0x0000000091f6d2f8,0x0000000098180000)
 Metaspace       used 139977K, capacity 147372K, committed 147480K, reserved 1177600K
  class space    used 17719K, capacity 19228K, committed 19240K, reserved 1048576K
}
Event: 471.043 GC heap before
{Heap before GC invocations=36 (full 5):
 PSYoungGen      total 578048K, used 553965K [0x00000000d5580000, 0x00000000fdd00000, 0x0000000100000000)
  eden space 513536K, 100% used [0x00000000d5580000,0x00000000f4b00000,0x00000000f4b00000)
  from space 64512K, 62% used [0x00000000f9e00000,0x00000000fc57b6d8,0x00000000fdd00000)
  to   space 74752K, 0% used [0x00000000f4b00000,0x00000000f4b00000,0x00000000f9400000)
 ParOldGen       total 394752K, used 294324K [0x0000000080000000, 0x0000000098180000, 0x00000000d5580000)
  object space 394752K, 74% used [0x0000000080000000,0x0000000091f6d2f8,0x0000000098180000)
 Metaspace       used 140682K, capacity 148154K, committed 148376K, reserved 1177600K
  class space    used 17769K, capacity 19285K, committed 19368K, reserved 1048576K
Event: 471.273 GC heap after
Heap after GC invocations=36 (full 5):
 PSYoungGen      total 588288K, used 74747K [0x00000000d5580000, 0x0000000100000000, 0x0000000100000000)
  eden space 513536K, 0% used [0x00000000d5580000,0x00000000d5580000,0x00000000f4b00000)
  from space 74752K, 99% used [0x00000000f4b00000,0x00000000f93fee18,0x00000000f9400000)
  to   space 98304K, 0% used [0x00000000fa000000,0x00000000fa000000,0x0000000100000000)
 ParOldGen       total 394752K, used 327728K [0x0000000080000000, 0x0000000098180000, 0x00000000d5580000)
  object space 394752K, 83% used [0x0000000080000000,0x000000009400c310,0x0000000098180000)
 Metaspace       used 140682K, capacity 148154K, committed 148376K, reserved 1177600K
  class space    used 17769K, capacity 19285K, committed 19368K, reserved 1048576K
}
Event: 485.293 GC heap before
{Heap before GC invocations=37 (full 5):
 PSYoungGen      total 588288K, used 588283K [0x00000000d5580000, 0x0000000100000000, 0x0000000100000000)
  eden space 513536K, 100% used [0x00000000d5580000,0x00000000f4b00000,0x00000000f4b00000)
  from space 74752K, 99% used [0x00000000f4b00000,0x00000000f93fee18,0x00000000f9400000)
  to   space 98304K, 0% used [0x00000000fa000000,0x00000000fa000000,0x0000000100000000)
 ParOldGen       total 394752K, used 327728K [0x0000000080000000, 0x0000000098180000, 0x00000000d5580000)
  object space 394752K, 83% used [0x0000000080000000,0x000000009400c310,0x0000000098180000)
 Metaspace       used 141017K, capacity 148616K, committed 148888K, reserved 1179648K
  class space    used 17803K, capacity 19340K, committed 19368K, reserved 1048576K
Event: 485.480 GC heap after
Heap after GC invocations=37 (full 5):
 PSYoungGen      total 599552K, used 5487K [0x00000000d5580000, 0x0000000100000000, 0x0000000100000000)
  eden space 501248K, 0% used [0x00000000d5580000,0x00000000d5580000,0x00000000f3f00000)
  from space 98304K, 5% used [0x00000000fa000000,0x00000000fa55bd20,0x0000000100000000)
  to   space 98816K, 0% used [0x00000000f3f00000,0x00000000f3f00000,0x00000000f9f80000)
 ParOldGen       total 394752K, used 360053K [0x0000000080000000, 0x0000000098180000, 0x00000000d5580000)
  object space 394752K, 91% used [0x0000000080000000,0x0000000095f9d738,0x0000000098180000)
 Metaspace       used 141017K, capacity 148616K, committed 148888K, reserved 1179648K
  class space    used 17803K, capacity 19340K, committed 19368K, reserved 1048576K
}
Event: 485.480 GC heap before
{Heap before GC invocations=38 (full 6):
 PSYoungGen      total 599552K, used 5487K [0x00000000d5580000, 0x0000000100000000, 0x0000000100000000)
  eden space 501248K, 0% used [0x00000000d5580000,0x00000000d5580000,0x00000000f3f00000)
  from space 98304K, 5% used [0x00000000fa000000,0x00000000fa55bd20,0x0000000100000000)
  to   space 98816K, 0% used [0x00000000f3f00000,0x00000000f3f00000,0x00000000f9f80000)
 ParOldGen       total 394752K, used 360053K [0x0000000080000000, 0x0000000098180000, 0x00000000d5580000)
  object space 394752K, 91% used [0x0000000080000000,0x0000000095f9d738,0x0000000098180000)
 Metaspace       used 141017K, capacity 148616K, committed 148888K, reserved 1179648K
  class space    used 17803K, capacity 19340K, committed 19368K, reserved 1048576K

Deoptimization events (10 events):
Event: 476.240 Thread 0x0000000022513000 Uncommon trap: reason=unstable_if action=reinterpret pc=0x0000000005064444 method=org.jetbrains.org.objectweb.asm.AnnotationWriter.<init>(Lorg/jetbrains/org/objectweb/asm/SymbolTable;ZLorg/jetbrains/org/objectweb/asm/ByteVector;Lorg/jetbrains/org/objectwe
Event: 476.241 Thread 0x0000000022513000 Uncommon trap: reason=unstable_if action=reinterpret pc=0x000000000504a7a0 method=org.jetbrains.org.objectweb.asm.AnnotationWriter.visitEnd()V @ 5
Event: 476.415 Thread 0x0000000022508000 Uncommon trap: reason=unstable_if action=reinterpret pc=0x0000000005002ff0 method=org.jetbrains.kotlin.gradle.internal.kapt.incremental.AnnotationTypeExtractorVisitor.visit(Ljava/lang/String;Ljava/lang/Object;)V @ 4
Event: 476.415 Thread 0x0000000022508000 Uncommon trap: reason=unstable_if action=reinterpret pc=0x0000000005063bd8 method=org.jetbrains.org.objectweb.asm.Type.getDescriptor()Ljava/lang/String; @ 6
Event: 476.885 Thread 0x0000000022508000 Uncommon trap: reason=array_check action=maybe_recompile pc=0x00000000070b6948 method=java.util.ComparableTimSort.reverseRange([Ljava/lang/Object;II)V @ 27
Event: 476.885 Thread 0x0000000022508000 Uncommon trap: reason=array_check action=maybe_recompile pc=0x00000000070b6948 method=java.util.ComparableTimSort.reverseRange([Ljava/lang/Object;II)V @ 27
Event: 478.184 Thread 0x00000000222ea000 Uncommon trap: reason=unstable_if action=reinterpret pc=0x00000000059aac48 method=java.util.TimSort.mergeLo(IIII)V @ 513
Event: 478.268 Thread 0x00000000222ed000 Uncommon trap: reason=class_check action=maybe_recompile pc=0x0000000002eb8470 method=java.lang.ThreadLocal.set(Ljava/lang/Object;)V @ 26
Event: 485.071 Thread 0x000000002570e800 Uncommon trap: reason=unstable_if action=reinterpret pc=0x00000000064a98a8 method=org.objectweb.asm.ClassReader.readMethod(Lorg/objectweb/asm/ClassVisitor;Lorg/objectweb/asm/Context;I)I @ 414
Event: 485.266 Thread 0x000000002570e800 Uncommon trap: reason=unstable_if action=reinterpret pc=0x0000000007121640 method=org.objectweb.asm.ClassReader.readField(Lorg/objectweb/asm/ClassVisitor;Lorg/objectweb/asm/Context;I)I @ 219

Classes redefined (0 events):
No events

Internal exceptions (10 events):
Event: 478.082 Thread 0x000000002570e800 Exception <a 'sun/nio/fs/WindowsException'> (0x00000000dd4113e8) thrown at [C:\src\AOSP-openjdk-git\hotspot\src\share\vm\prims\jni.cpp, line 710]
Event: 478.082 Thread 0x000000002570e800 Exception <a 'sun/nio/fs/WindowsException'> (0x00000000dd4120c0) thrown at [C:\src\AOSP-openjdk-git\hotspot\src\share\vm\prims\jni.cpp, line 710]
Event: 478.083 Thread 0x000000002570e800 Exception <a 'sun/nio/fs/WindowsException'> (0x00000000ee704018) thrown at [C:\src\AOSP-openjdk-git\hotspot\src\share\vm\prims\jni.cpp, line 710]
Event: 478.083 Thread 0x000000002570e800 Exception <a 'sun/nio/fs/WindowsException'> (0x00000000ee704c78) thrown at [C:\src\AOSP-openjdk-git\hotspot\src\share\vm\prims\jni.cpp, line 710]
Event: 478.083 Thread 0x000000002570e800 Exception <a 'sun/nio/fs/WindowsException'> (0x00000000ee705950) thrown at [C:\src\AOSP-openjdk-git\hotspot\src\share\vm\prims\jni.cpp, line 710]
Event: 478.083 Thread 0x000000002570e800 Exception <a 'sun/nio/fs/WindowsException'> (0x00000000ee707630) thrown at [C:\src\AOSP-openjdk-git\hotspot\src\share\vm\prims\jni.cpp, line 710]
Event: 478.083 Thread 0x000000002570e800 Exception <a 'sun/nio/fs/WindowsException'> (0x00000000ee708290) thrown at [C:\src\AOSP-openjdk-git\hotspot\src\share\vm\prims\jni.cpp, line 710]
Event: 478.083 Thread 0x000000002570e800 Exception <a 'sun/nio/fs/WindowsException'> (0x00000000ee708f60) thrown at [C:\src\AOSP-openjdk-git\hotspot\src\share\vm\prims\jni.cpp, line 710]
Event: 478.205 Thread 0x00000000222eb800 Exception <a 'java/lang/InterruptedException'> (0x00000000ef1929c8) thrown at [C:\src\AOSP-openjdk-git\hotspot\src\share\vm\runtime\objectMonitor.cpp, line 1680]
Event: 479.788 Thread 0x00000000222ea000 Exception <a 'sun/nio/fs/WindowsException'> (0x00000000f3999f10) thrown at [C:\src\AOSP-openjdk-git\hotspot\src\share\vm\prims\jni.cpp, line 710]

Events (10 events):
Event: 484.594 Thread 0x0000000017098800 flushing nmethod 0x0000000003e4d150
Event: 484.638 Thread 0x00000000170ab000 flushing nmethod 0x0000000005741890
Event: 484.662 Thread 0x000000001709c800 flushing nmethod 0x0000000005b2d710
Event: 485.070 Thread 0x000000002570e800 Uncommon trap: trap_request=0xffffff65 fr.pc=0x00000000064a98a8
Event: 485.071 Thread 0x000000002570e800 DEOPT PACKING pc=0x00000000064a98a8 sp=0x0000000027d1c450
Event: 485.071 Thread 0x000000002570e800 DEOPT UNPACKING pc=0x00000000024b557b sp=0x0000000027d1c430 mode 2
Event: 485.266 Thread 0x000000002570e800 Uncommon trap: trap_request=0xffffff65 fr.pc=0x0000000007121640
Event: 485.266 Thread 0x000000002570e800 DEOPT PACKING pc=0x0000000007121640 sp=0x0000000027d1c470
Event: 485.266 Thread 0x000000002570e800 DEOPT UNPACKING pc=0x00000000024b557b sp=0x0000000027d1c420 mode 2
Event: 485.293 Executing VM operation: ParallelGCFailedAllocation


Dynamic libraries:
0x00007ff7b9de0000 - 0x00007ff7b9e11000 	C:\Program Files\Android\Android Studio\jre\bin\java.exe
0x00007ffa09980000 - 0x00007ffa09b70000 	C:\WINDOWS\SYSTEM32\ntdll.dll
0x00007ffa087c0000 - 0x00007ffa08872000 	C:\WINDOWS\System32\KERNEL32.DLL
0x00007ffa06dd0000 - 0x00007ffa07074000 	C:\WINDOWS\System32\KERNELBASE.dll
0x00007ffa08560000 - 0x00007ffa08603000 	C:\WINDOWS\System32\ADVAPI32.dll
0x00007ffa08940000 - 0x00007ffa089de000 	C:\WINDOWS\System32\msvcrt.dll
0x00007ffa08a40000 - 0x00007ffa08ad7000 	C:\WINDOWS\System32\sechost.dll
0x00007ffa090a0000 - 0x00007ffa091c0000 	C:\WINDOWS\System32\RPCRT4.dll
0x00007ffa091d0000 - 0x00007ffa09365000 	C:\WINDOWS\System32\USER32.dll
0x00007ffa070a0000 - 0x00007ffa070c1000 	C:\WINDOWS\System32\win32u.dll
0x00007ffa08fc0000 - 0x00007ffa08fe6000 	C:\WINDOWS\System32\GDI32.dll
0x00007ffa070d0000 - 0x00007ffa07266000 	C:\WINDOWS\System32\gdi32full.dll
0x00007ffa06980000 - 0x00007ffa06a1e000 	C:\WINDOWS\System32\msvcp_win.dll
0x00007ffa06cd0000 - 0x00007ffa06dca000 	C:\WINDOWS\System32\ucrtbase.dll
0x00007ff9f4440000 - 0x00007ff9f46c4000 	C:\WINDOWS\WinSxS\amd64_microsoft.windows.common-controls_6595b64144ccf1df_6.0.18362.1016_none_9e7a36bbe461dae4\COMCTL32.dll
0x00007ffa095a0000 - 0x00007ffa098d5000 	C:\WINDOWS\System32\combase.dll
0x00007ffa06900000 - 0x00007ffa06980000 	C:\WINDOWS\System32\bcryptPrimitives.dll
0x00007ffa08910000 - 0x00007ffa0893e000 	C:\WINDOWS\System32\IMM32.DLL
0x0000000071c30000 - 0x0000000071d02000 	C:\Program Files\Android\Android Studio\jre\jre\bin\msvcr100.dll
0x0000000071df0000 - 0x000000007263b000 	C:\Program Files\Android\Android Studio\jre\jre\bin\server\jvm.dll
0x00007ffa091c0000 - 0x00007ffa091c8000 	C:\WINDOWS\System32\PSAPI.DLL
0x00007ffa05330000 - 0x00007ffa05339000 	C:\WINDOWS\SYSTEM32\WSOCK32.dll
0x00007ffa03f20000 - 0x00007ffa03f44000 	C:\WINDOWS\SYSTEM32\WINMM.dll
0x00007ffa08ae0000 - 0x00007ffa08b4f000 	C:\WINDOWS\System32\WS2_32.dll
0x00007ffa004d0000 - 0x00007ffa004da000 	C:\WINDOWS\SYSTEM32\VERSION.dll
0x00007ffa03ef0000 - 0x00007ffa03f1d000 	C:\WINDOWS\SYSTEM32\WINMMBASE.dll
0x00007ffa06b30000 - 0x00007ffa06b7a000 	C:\WINDOWS\System32\cfgmgr32.dll
0x00007ffa02ab0000 - 0x00007ffa02abf000 	C:\Program Files\Android\Android Studio\jre\jre\bin\verify.dll
0x00007ffa02a30000 - 0x00007ffa02a59000 	C:\Program Files\Android\Android Studio\jre\jre\bin\java.dll
0x00007ffa029d0000 - 0x00007ffa029e6000 	C:\Program Files\Android\Android Studio\jre\jre\bin\zip.dll
0x00007ffa07c40000 - 0x00007ffa08327000 	C:\WINDOWS\System32\SHELL32.dll
0x00007ffa08ff0000 - 0x00007ffa09099000 	C:\WINDOWS\System32\shcore.dll
0x00007ffa07270000 - 0x00007ffa079f2000 	C:\WINDOWS\System32\windows.storage.dll
0x00007ffa06880000 - 0x00007ffa068a3000 	C:\WINDOWS\System32\profapi.dll
0x00007ffa068b0000 - 0x00007ffa068fa000 	C:\WINDOWS\System32\powrprof.dll
0x00007ffa06830000 - 0x00007ffa06840000 	C:\WINDOWS\System32\UMPDC.dll
0x00007ffa089e0000 - 0x00007ffa08a32000 	C:\WINDOWS\System32\shlwapi.dll
0x00007ffa06840000 - 0x00007ffa06851000 	C:\WINDOWS\System32\kernel.appcore.dll
0x00007ffa07080000 - 0x00007ffa07097000 	C:\WINDOWS\System32\cryptsp.dll
0x00007ffa01f50000 - 0x00007ffa01f6a000 	C:\Program Files\Android\Android Studio\jre\jre\bin\net.dll
0x00007ffa06090000 - 0x00007ffa060f7000 	C:\WINDOWS\system32\mswsock.dll
0x00007ffa01d40000 - 0x00007ffa01d53000 	C:\Program Files\Android\Android Studio\jre\jre\bin\nio.dll
0x00007ff9ff290000 - 0x00007ff9ff2b6000 	C:\Users\Lingga\.gradle\wrapper\dists\gradle-3.3\native\31\windows-amd64\native-platform.dll
0x00007ffa02aa0000 - 0x00007ffa02aad000 	C:\Program Files\Android\Android Studio\jre\jre\bin\management.dll
0x00007ffa05c00000 - 0x00007ffa05c33000 	C:\WINDOWS\system32\rsaenh.dll
0x00007ffa07a00000 - 0x00007ffa07a26000 	C:\WINDOWS\System32\bcrypt.dll
0x00007ffa06750000 - 0x00007ffa06775000 	C:\WINDOWS\SYSTEM32\USERENV.dll
0x00007ffa06260000 - 0x00007ffa0626c000 	C:\WINDOWS\SYSTEM32\CRYPTBASE.dll
0x00007ffa05da0000 - 0x00007ffa05dda000 	C:\WINDOWS\SYSTEM32\IPHLPAPI.DLL
0x00007ffa08480000 - 0x00007ffa08488000 	C:\WINDOWS\System32\NSI.dll
0x00007ff9fe4e0000 - 0x00007ff9fe4f6000 	C:\WINDOWS\SYSTEM32\dhcpcsvc6.DLL
0x00007ff9fe4c0000 - 0x00007ff9fe4dc000 	C:\WINDOWS\SYSTEM32\dhcpcsvc.DLL
0x00007ffa05de0000 - 0x00007ffa05eab000 	C:\WINDOWS\SYSTEM32\DNSAPI.dll
0x00007ff9ff690000 - 0x00007ff9ff6b4000 	C:\Program Files\Android\Android Studio\jre\jre\bin\sunec.dll
0x00007ff9f63d0000 - 0x00007ff9f63da000 	C:\Windows\System32\rasadhlp.dll
0x00007ff9fe090000 - 0x00007ff9fe107000 	C:\WINDOWS\System32\fwpuclnt.dll
0x00007ffa02a20000 - 0x00007ffa02a2b000 	C:\Program Files\Android\Android Studio\jre\jre\bin\sunmscapi.dll
0x00007ffa06b80000 - 0x00007ffa06cc9000 	C:\WINDOWS\System32\CRYPT32.dll
0x00007ffa06860000 - 0x00007ffa06872000 	C:\WINDOWS\System32\MSASN1.dll
0x00007ffa05880000 - 0x00007ffa058b1000 	C:\WINDOWS\SYSTEM32\ntmarta.dll
0x00007ffa00fe0000 - 0x00007ffa00ffe000 	C:\Users\Lingga\AppData\Local\Temp\native-platform5997399867917909018dir\native-platform.dll
0x0000000066e00000 - 0x0000000066f03000 	C:\Users\Lingga\AppData\Local\Temp\sqlite-3.25.2-ec0b5ad6-acb0-479e-a8ab-5cd9d53a4204-sqlitejdbc.dll
0x00007ffa05100000 - 0x00007ffa052f4000 	C:\WINDOWS\SYSTEM32\dbghelp.dll

VM Arguments:
jvm_args: -Xmx2048m -Dfile.encoding=windows-1252 -Duser.country=ID -Duser.language=en -Duser.variant 
java_command: org.gradle.launcher.daemon.bootstrap.GradleDaemon 6.1.1
java_class_path (initial): C:\Users\Lingga\.gradle\wrapper\dists\gradle-3.3\wrapper\dists\gradle-6.1.1-all\cfmwm155h49vnt3hynmlrsdst\gradle-6.1.1\lib\gradle-launcher-6.1.1.jar
Launcher Type: SUN_STANDARD

Environment Variables:
JAVA_HOME=C:\Users\Lingga\Downloads\Compressed\jdk-11.0.2
PATH=C:\Program Files (x86)\Intel\iCLS Client\;C:\Program Files\Intel\iCLS Client\;C:\Windows\system32;C:\Windows;C:\Windows\System32\Wbem;C:\Windows\System32\WindowsPowerShell\v1.0\;C:\Program Files (x86)\NVIDIA Corporation\PhysX\Common;C:\Program Files (x86)\Intel\Intel(R) Management Engine Components\DAL;C:\Program Files\Intel\Intel(R) Management Engine Components\DAL;C:\Program Files (x86)\Intel\Intel(R) Management Engine Components\IPT;C:\Program Files\Intel\Intel(R) Management Engine Components\IPT;C:\WINDOWS\system32;C:\WINDOWS;C:\WINDOWS\System32\Wbem;C:\WINDOWS\System32\WindowsPowerShell\v1.0\;C:\WINDOWS\System32\OpenSSH\;C:\Program Files (x86)\GtkSharp\2.12\bin;C:\Users\Lingga\Downloads\Compressed\jdk-11.0.2\bin;C:\Program Files\Git\cmd;C:\Users\Lingga\AppData\Local\Programs\Python\Python37\Scripts\;C:\Users\Lingga\AppData\Local\Programs\Python\Python37\;C:\BC5\BIN;C:\Users\Lingga\AppData\Local\Microsoft\WindowsApps;C:\Users\Lingga\Downloads\Compressed\jdk-11.0.2\bin;;C:\Users\Lingga\AppData\Local\Programs\Microsoft VS Code\bin
USERNAME=Lingga
OS=Windows_NT
PROCESSOR_IDENTIFIER=Intel64 Family 6 Model 78 Stepping 3, GenuineIntel



---------------  S Y S T E M  ---------------

OS: Windows 10.0 , 64 bit Build 18362 (10.0.18362.959)

CPU:total 4 (initial active 4) (2 cores per cpu, 2 threads per core) family 6 model 78 stepping 3, cmov, cx8, fxsr, mmx, sse, sse2, sse3, ssse3, sse4.1, sse4.2, popcnt, avx, avx2, aes, clmul, erms, 3dnowpref, lzcnt, ht, tsc, tscinvbit, bmi1, bmi2, adx

Memory: 4k page, physical 8055920k(485476k free), swap 15658096k(3731652k free)

vm_info: OpenJDK 64-Bit Server VM (25.242-b01) for windows-amd64 JRE (1.8.0_242-release-1644-b01), built by "builder" with MS VC++ 10.0 (VS2010)

time: Mon Aug 31 21:21:36 2020
timezone: SE Asia Standard Time
elapsed time: 485 seconds (0d 0h 8m 5s)

